<?xml version="1.0" encoding="UTF-8"?>
<testsuite name="com.yinling.guard.core.engine.HomeStatsCalculatorTest" tests="6" skipped="0" failures="0" errors="0" timestamp="2026-08-12T06:57:14" hostname="claw-6884567111-overseas-55b479dc54-84s8k" time="0.001">
  <properties/>
  <testcase name="total guard days minimum 1" classname="com.yinling.guard.core.engine.HomeStatsCalculatorTest" time="0.0"/>
  <testcase name="today count is 0 when no logs today" classname="com.yinling.guard.core.engine.HomeStatsCalculatorTest" time="0.0"/>
  <testcase name="recent blocks returns max 3" classname="com.yinling.guard.core.engine.HomeStatsCalculatorTest" time="0.0"/>
  <testcase name="recent blocks sorted by timestamp descending" classname="com.yinling.guard.core.engine.HomeStatsCalculatorTest" time="0.001"/>
  <testcase name="total guard days defaults to 1 when no first date" classname="com.yinling.guard.core.engine.HomeStatsCalculatorTest" time="0.0"/>
  <testcase name="calculates today count and guard days" classname="com.yinling.guard.core.engine.HomeStatsCalculatorTest" time="0.0"/>
  <system-out><![CDATA[]]></system-out>
  <system-err><![CDATA[]]></system-err>
</testsuite>
