<?xml version="1.0" encoding="UTF-8"?>
<testsuite name="com.yinling.guard.core.engine.VideoTextParserTest" tests="10" skipped="0" failures="0" errors="0" timestamp="2026-08-12T06:57:14" hostname="claw-6884567111-overseas-55b479dc54-84s8k" time="0.004">
  <properties/>
  <testcase name="title detected by keyword marker" classname="com.yinling.guard.core.engine.VideoTextParserTest" time="0.003"/>
  <testcase name="title detected by length at least 8" classname="com.yinling.guard.core.engine.VideoTextParserTest" time="0.0"/>
  <testcase name="author is short text that does not look like title" classname="com.yinling.guard.core.engine.VideoTextParserTest" time="0.0"/>
  <testcase name="single long text becomes title" classname="com.yinling.guard.core.engine.VideoTextParserTest" time="0.0"/>
  <testcase name="handles question mark marker" classname="com.yinling.guard.core.engine.VideoTextParserTest" time="0.0"/>
  <testcase name="all blank texts returns empty" classname="com.yinling.guard.core.engine.VideoTextParserTest" time="0.0"/>
  <testcase name="title detected by exclamation mark" classname="com.yinling.guard.core.engine.VideoTextParserTest" time="0.0"/>
  <testcase name="single short text becomes author" classname="com.yinling.guard.core.engine.VideoTextParserTest" time="0.0"/>
  <testcase name="empty texts returns empty" classname="com.yinling.guard.core.engine.VideoTextParserTest" time="0.0"/>
  <testcase name="parses title and author from texts" classname="com.yinling.guard.core.engine.VideoTextParserTest" time="0.0"/>
  <system-out><![CDATA[]]></system-out>
  <system-err><![CDATA[]]></system-err>
</testsuite>
