<?xml version="1.0" encoding="UTF-8"?>
<testsuite name="com.yinling.guard.core.security.PasswordHasherTest" tests="11" skipped="0" failures="0" errors="0" timestamp="2026-08-12T06:57:14" hostname="claw-6884567111-overseas-55b479dc54-84s8k" time="0.022">
  <properties/>
  <testcase name="hash handles very long password" classname="com.yinling.guard.core.security.PasswordHasherTest" time="0.007"/>
  <testcase name="verify returns false for null hash" classname="com.yinling.guard.core.security.PasswordHasherTest" time="0.0"/>
  <testcase name="hash is 71 chars total" classname="com.yinling.guard.core.security.PasswordHasherTest" time="0.0"/>
  <testcase name="hash handles unicode characters" classname="com.yinling.guard.core.security.PasswordHasherTest" time="0.002"/>
  <testcase name="verify returns true for correct password" classname="com.yinling.guard.core.security.PasswordHasherTest" time="0.004"/>
  <testcase name="hash produces different result for different input" classname="com.yinling.guard.core.security.PasswordHasherTest" time="0.001"/>
  <testcase name="verify returns false for wrong password" classname="com.yinling.guard.core.security.PasswordHasherTest" time="0.002"/>
  <testcase name="verify returns false for empty password" classname="com.yinling.guard.core.security.PasswordHasherTest" time="0.0"/>
  <testcase name="hash produces consistent result" classname="com.yinling.guard.core.security.PasswordHasherTest" time="0.001"/>
  <testcase name="verify returns false for blank hash" classname="com.yinling.guard.core.security.PasswordHasherTest" time="0.0"/>
  <testcase name="hash starts with sha256 prefix" classname="com.yinling.guard.core.security.PasswordHasherTest" time="0.004"/>
  <system-out><![CDATA[]]></system-out>
  <system-err><![CDATA[]]></system-err>
</testsuite>
